Using pre-set license
Built from '2021.1/staging' branch; Version is '2021.1.7f1 (d91830b65d9b) revision 14227504'; Using compiler version '192528614'; Build Type 'Release'
OS: 'Windows 10 Pro; OS build 19043.1288; Version 2009; 64bit' Language: 'ru' Physical Memory: 2924 MB
BatchMode: 1, IsHumanControllingUs: 0, StartBugReporterOnCrash: 0, Is64bit: 1, IsPro: 0

 COMMAND LINE ARGUMENTS:
C:\Program Files\Unity\2021.1.7f1\Editor\Unity.exe
-adb2
-batchMode
-noUpm
-name
AssetImportWorker8
-projectPath
E:/Nikiti/GitHub/SandBox
-logFile
Logs/AssetImportWorker8.log
-srvPort
51922
Successfully changed project path to: E:/Nikiti/GitHub/SandBox
E:/Nikiti/GitHub/SandBox
Using Asset Import Pipeline V2.
Refreshing native plugins compatible for Editor in 103.26 ms, found 1 plugins.
Preloading 0 native plugins for Editor in 0.00 ms.
Initialize engine version: 2021.1.7f1 (d91830b65d9b)
[Subsystems] Discovering subsystems at path C:/Program Files/Unity/2021.1.7f1/Editor/Data/Resources/UnitySubsystems
[Subsystems] Discovering subsystems at path E:/Nikiti/GitHub/SandBox/Assets
GfxDevice: creating device client; threaded=0; jobified=0
Direct3D:
    Version:  Direct3D 11.0 [level 10.0]
    Renderer: Intel(R) HD Graphics (ID=0x46)
    Vendor:   Intel
    VRAM:     128 MB
    Driver:   8.15.10.2900
Initialize mono
Mono path[0] = 'C:/Program Files/Unity/2021.1.7f1/Editor/Data/Managed'
Mono path[1] = 'C:/Program Files/Unity/2021.1.7f1/Editor/Data/MonoBleedingEdge/lib/mono/unityjit'
Mono config path = 'C:/Program Files/Unity/2021.1.7f1/Editor/Data/MonoBleedingEdge/etc'
Using monoOptions --debugger-agent=transport=dt_socket,embedding=1,server=y,suspend=n,address=127.0.0.1:56468
Begin MonoManager ReloadAssembly
Registering precompiled unity dll's ...
Register platform support module: C:/Program Files/Unity/2021.1.7f1/Editor/Data/PlaybackEngines/WindowsStandaloneSupport/UnityEditor.WindowsStandalone.Extensions.dll
Registered in 0.004590 seconds.
Native extension for WindowsStandalone target not found
Refreshing native plugins compatible for Editor in 86.07 ms, found 1 plugins.
Preloading 0 native plugins for Editor in 0.00 ms.
Mono: successfully reloaded assembly
- Completed reload, in  2.985 seconds
Platform modules already initialized, skipping
Registering precompiled user dll's ...
Registered in 0.011566 seconds.
Begin MonoManager ReloadAssembly
Native extension for WindowsStandalone target not found
Refreshing native plugins compatible for Editor in 1.06 ms, found 1 plugins.
Preloading 0 native plugins for Editor in 0.00 ms.
UnauthorizedAccessException: Access to the path "E:\Nikiti\GitHub\SandBox\Library\BurstCache\JIT\357edd02dca8ba981ca26c89a7838249.dll" is denied.
  at System.IO.File.Delete (System.String path) [0x00073] in <695d1cc93cca45069c528c15c9fdd749>:0 
  at Burst.Compiler.IL.Jit.JitCacheManager.DeleteCacheIfBurstVersionChanged () [0x0004c] in <f95137a4a8d747bbac814ce8830deb34>:0 
  at Burst.Compiler.IL.Jit.JitCacheManager..ctor (Burst.Compiler.IL.DebugInfo.PortablePdbCache pdbCache, System.String libraryCacheFolderName) [0x00035] in <f95137a4a8d747bbac814ce8830deb34>:0 
  at Burst.Compiler.IL.Jit.JitCompilerService..ctor (System.Int32 numberOfThreads, System.String libraryCacheFolderName) [0x00086] in <f95137a4a8d747bbac814ce8830deb34>:0 
  at Burst.Compiler.IL.Jit.JitCompilerService..ctor () [0x00000] in <f95137a4a8d747bbac814ce8830deb34>:0 
Unity.Burst.LowLevel.BurstCompilerService:InitializeInternal(String, ExtractCompilerFlags)
Unity.Burst.LowLevel.BurstCompilerService:Initialize(String, ExtractCompilerFlags)
Unity.Burst.Editor.BurstLoader:.cctor()
System.Runtime.CompilerServices.RuntimeHelpers:RunClassConstructor(IntPtr)
System.Runtime.CompilerServices.RuntimeHelpers:RunClassConstructor(RuntimeTypeHandle)
UnityEditor.EditorAssemblies:ProcessInitializeOnLoadAttributes(Type[])

Unexpected error while trying to initialize the burst JIT compiler: Unexpected exception occured while initializing burst JitCompilerService
UnityEngine.StackTraceUtility:ExtractStackTrace ()
UnityEngine.DebugLogHandler:LogFormat (UnityEngine.LogType,UnityEngine.Object,string,object[])
UnityEngine.Logger:Log (UnityEngine.LogType,object)
UnityEngine.Debug:LogError (object)
Unity.Burst.LowLevel.BurstCompilerService:Initialize (string,Unity.Burst.LowLevel.BurstCompilerService/ExtractCompilerFlags)
Unity.Burst.Editor.BurstLoader:.cctor () (at Library/PackageCache/com.unity.burst@1.5.4/Editor/BurstLoader.cs:137)
System.Runtime.CompilerServices.RuntimeHelpers:RunClassConstructor (System.RuntimeTypeHandle)
UnityEditor.EditorAssemblies:ProcessInitializeOnLoadAttributes (System.Type[])

(Filename: Library/PackageCache/com.unity.burst@1.5.4/Editor/BurstLoader.cs Line: 137)

Mono: successfully reloaded assembly
- Completed reload, in  2.919 seconds
Platform modules already initialized, skipping
========================================================================
Worker process is ready to serve import requests
Launched and connected shader compiler UnityShaderCompiler.exe after 1.15 seconds
Refreshing native plugins compatible for Editor in 1.20 ms, found 1 plugins.
Preloading 0 native plugins for Editor in 0.00 ms.
Unloading 1871 Unused Serialized files (Serialized files now loaded: 0)
System memory in use before: 123.8 MB.
System memory in use after: 123.9 MB.

Unloading 20 unused Assets to reduce memory usage. Loaded Objects now: 2362.
Total: 172.922000 ms (FindLiveObjects: 0.452200 ms CreateObjectMapping: 0.179300 ms MarkObjects: 144.407800 ms  DeleteObjects: 27.877900 ms)

========================================================================
Received Import Request.
  path: Assets/Prefab/body.prefab
  artifactKey: Guid(1f3d75aa3d76a3e4d887a7bdb8d60692) Importer(815301076,1909f56bfc062723c751e8b465ee728b)
Start importing Assets/Prefab/body.prefab using Guid(1f3d75aa3d76a3e4d887a7bdb8d60692) Importer(815301076,1909f56bfc062723c751e8b465ee728b)  -> (artifact id: '02374448fe169ffc541d2a0f6a70f5bf') in 3.883929 seconds 
